# JRE version: Java(TM) SE Runtime Environment (8.0_45-b15) (build 1.8.0_45-b15)
# Java VM: Java HotSpot(TM) 64-Bit Server VM (25.45-b02 mixed mode windows-amd64 compressed oops)
Heap:
 PSYoungGen      total 49664K, used 22695K [0x00000000f5580000, 0x00000000f9880000, 0x0000000100000000)
  eden space 37888K, 46% used [0x00000000f5580000,0x00000000f6693670,0x00000000f7a80000)
  from space 11776K, 45% used [0x00000000f7a80000,0x00000000f7fb5ee8,0x00000000f8600000)
  to   space 11264K, 0% used [0x00000000f8d80000,0x00000000f8d80000,0x00000000f9880000)
 ParOldGen       total 82432K, used 38267K [0x00000000e0000000, 0x00000000e5080000, 0x00000000f5580000)
  object space 82432K, 46% used [0x00000000e0000000,0x00000000e255ef10,0x00000000e5080000)
 Metaspace       used 40804K, capacity 42120K, committed 42240K, reserved 1085440K
  class space    used 5786K, capacity 6121K, committed 6144K, reserved 1048576K
GC Heap History (10 events):
Event: 2.231 GC heap before
{Heap before GC invocations=19 (full 4):
 PSYoungGen      total 37376K, used 30720K [0x00000000f5580000, 0x00000000f8280000, 0x0000000100000000)
  eden space 30720K, 100% used [0x00000000f5580000,0x00000000f7380000,0x00000000f7380000)
  from space 6656K, 0% used [0x00000000f7c00000,0x00000000f7c00000,0x00000000f8280000)
  to   space 7680K, 0% used [0x00000000f7380000,0x00000000f7380000,0x00000000f7b00000)
 ParOldGen       total 82432K, used 35751K [0x00000000e0000000, 0x00000000e5080000, 0x00000000f5580000)
  object space 82432K, 43% used [0x00000000e0000000,0x00000000e22e9f30,0x00000000e5080000)
 Metaspace       used 33797K, capacity 34974K, committed 35072K, reserved 1079296K
  class space    used 4779K, capacity 5076K, committed 5120K, reserved 1048576K
Event: 2.234 GC heap after
Heap after GC invocations=19 (full 4):
 PSYoungGen      total 38400K, used 7676K [0x00000000f5580000, 0x00000000f8980000, 0x0000000100000000)
  eden space 30720K, 0% used [0x00000000f5580000,0x00000000f5580000,0x00000000f7380000)
  from space 7680K, 99% used [0x00000000f7380000,0x00000000f7aff3a8,0x00000000f7b00000)
  to   space 9728K, 0% used [0x00000000f8000000,0x00000000f8000000,0x00000000f8980000)
 ParOldGen       total 82432K, used 37682K [0x00000000e0000000, 0x00000000e5080000, 0x00000000f5580000)
  object space 82432K, 45% used [0x00000000e0000000,0x00000000e24cc9e0,0x00000000e5080000)
 Metaspace       used 33797K, capacity 34974K, committed 35072K, reserved 1079296K
  class space    used 4779K, capacity 5076K, committed 5120K, reserved 1048576K
}
Event: 2.293 GC heap before
{Heap before GC invocations=20 (full 4):
 PSYoungGen      total 38400K, used 38396K [0x00000000f5580000, 0x00000000f8980000, 0x0000000100000000)
  eden space 30720K, 100% used [0x00000000f5580000,0x00000000f7380000,0x00000000f7380000)
  from space 7680K, 99% used [0x00000000f7380000,0x00000000f7aff3a8,0x00000000f7b00000)
  to   space 9728K, 0% used [0x00000000f8000000,0x00000000f8000000,0x00000000f8980000)
 ParOldGen       total 82432K, used 37682K [0x00000000e0000000, 0x00000000e5080000, 0x00000000f5580000)
  object space 82432K, 45% used [0x00000000e0000000,0x00000000e24cca28,0x00000000e5080000)
 Metaspace       used 34140K, capacity 35368K, committed 35456K, reserved 1079296K
  class space    used 4841K, capacity 5163K, committed 5248K, reserved 1048576K
Event: 2.297 GC heap after
Heap after GC invocations=20 (full 4):
 PSYoungGen      total 41984K, used 9727K [0x00000000f5580000, 0x00000000f8d80000, 0x0000000100000000)
  eden space 32256K, 0% used [0x00000000f5580000,0x00000000f5580000,0x00000000f7500000)
  from space 9728K, 99% used [0x00000000f8000000,0x00000000f897fdb8,0x00000000f8980000)
  to   space 11264K, 0% used [0x00000000f7500000,0x00000000f7500000,0x00000000f8000000)
 ParOldGen       total 82432K, used 38168K [0x00000000e0000000, 0x00000000e5080000, 0x00000000f5580000)
  object space 82432K, 46% used [0x00000000e0000000,0x00000000e25462f8,0x00000000e5080000)
 Metaspace       used 34140K, capacity 35368K, committed 35456K, reserved 1079296K
  class space    used 4841K, capacity 5163K, committed 5248K, reserved 1048576K
}
Event: 2.349 GC heap before
{Heap before GC invocations=21 (full 4):
 PSYoungGen      total 41984K, used 41983K [0x00000000f5580000, 0x00000000f8d80000, 0x0000000100000000)
  eden space 32256K, 100% used [0x00000000f5580000,0x00000000f7500000,0x00000000f7500000)
  from space 9728K, 99% used [0x00000000f8000000,0x00000000f897fdb8,0x00000000f8980000)
  to   space 11264K, 0% used [0x00000000f7500000,0x00000000f7500000,0x00000000f8000000)
 ParOldGen       total 82432K, used 38227K [0x00000000e0000000, 0x00000000e5080000, 0x00000000f5580000)
  object space 82432K, 46% used [0x00000000e0000000,0x00000000e2554ef8,0x00000000e5080000)
 Metaspace       used 34753K, capacity 36000K, committed 36224K, reserved 1081344K
  class space    used 4892K, capacity 5199K, committed 5248K, reserved 1048576K
Event: 2.352 GC heap after
Heap after GC invocations=21 (full 4):
 PSYoungGen      total 43520K, used 10675K [0x00000000f5580000, 0x00000000f9100000, 0x0000000100000000)
  eden space 32256K, 0% used [0x00000000f5580000,0x00000000f5580000,0x00000000f7500000)
  from space 11264K, 94% used [0x00000000f7500000,0x00000000f7f6cdb0,0x00000000f8000000)
  to   space 12800K, 0% used [0x00000000f8480000,0x00000000f8480000,0x00000000f9100000)
 ParOldGen       total 82432K, used 38235K [0x00000000e0000000, 0x00000000e5080000, 0x00000000f5580000)
  object space 82432K, 46% used [0x00000000e0000000,0x00000000e2556ef8,0x00000000e5080000)
 Metaspace       used 34753K, capacity 36000K, committed 36224K, reserved 1081344K
  class space    used 4892K, capacity 5199K, committed 5248K, reserved 1048576K
}
Event: 2.657 GC heap before
{Heap before GC invocations=22 (full 4):
 PSYoungGen      total 43520K, used 38856K [0x00000000f5580000, 0x00000000f9100000, 0x0000000100000000)
  eden space 32256K, 87% used [0x00000000f5580000,0x00000000f7105420,0x00000000f7500000)
  from space 11264K, 94% used [0x00000000f7500000,0x00000000f7f6cdb0,0x00000000f8000000)
  to   space 12800K, 0% used [0x00000000f8480000,0x00000000f8480000,0x00000000f9100000)
 ParOldGen       total 82432K, used 38235K [0x00000000e0000000, 0x00000000e5080000, 0x00000000f5580000)
  object space 82432K, 46% used [0x00000000e0000000,0x00000000e2556ef8,0x00000000e5080000)
 Metaspace       used 39853K, capacity 41076K, committed 41344K, reserved 1085440K
  class space    used 5685K, capacity 6015K, committed 6016K, reserved 1048576K
Event: 2.660 GC heap after
Heap after GC invocations=22 (full 4):
 PSYoungGen      total 47616K, used 7379K [0x00000000f5580000, 0x00000000f9180000, 0x0000000100000000)
  eden space 34816K, 0% used [0x00000000f5580000,0x00000000f5580000,0x00000000f7780000)
  from space 12800K, 57% used [0x00000000f8480000,0x00000000f8bb4ef0,0x00000000f9100000)
  to   space 13312K, 0% used [0x00000000f7780000,0x00000000f7780000,0x00000000f8480000)
 ParOldGen       total 82432K, used 38243K [0x00000000e0000000, 0x00000000e5080000, 0x00000000f5580000)
  object space 82432K, 46% used [0x00000000e0000000,0x00000000e2558ef8,0x00000000e5080000)
 Metaspace       used 39853K, capacity 41076K, committed 41344K, reserved 1085440K
  class space    used 5685K, capacity 6015K, committed 6016K, reserved 1048576K
}
Event: 7.854 GC heap before
{Heap before GC invocations=23 (full 4):
 PSYoungGen      total 47616K, used 42141K [0x00000000f5580000, 0x00000000f9180000, 0x0000000100000000)
  eden space 34816K, 99% used [0x00000000f5580000,0x00000000f77728c0,0x00000000f7780000)
  from space 12800K, 57% used [0x00000000f8480000,0x00000000f8bb4ef0,0x00000000f9100000)
  to   space 13312K, 0% used [0x00000000f7780000,0x00000000f7780000,0x00000000f8480000)
 ParOldGen       total 82432K, used 38243K [0x00000000e0000000, 0x00000000e5080000, 0x00000000f5580000)
  object space 82432K, 46% used [0x00000000e0000000,0x00000000e2558ef8,0x00000000e5080000)
 Metaspace       used 40804K, capacity 42120K, committed 42240K, reserved 1085440K
  class space    used 5786K, capacity 6121K, committed 6144K, reserved 1048576K
Event: 7.857 GC heap after
Heap after GC invocations=23 (full 4):
 PSYoungGen      total 48128K, used 5447K [0x00000000f5580000, 0x00000000f9200000, 0x0000000100000000)
  eden space 34816K, 0% used [0x00000000f5580000,0x00000000f5580000,0x00000000f7780000)
  from space 13312K, 40% used [0x00000000f7780000,0x00000000f7cd1d50,0x00000000f8480000)
  to   space 12288K, 0% used [0x00000000f8600000,0x00000000f8600000,0x00000000f9200000)
 ParOldGen       total 82432K, used 38251K [0x00000000e0000000, 0x00000000e5080000, 0x00000000f5580000)
  object space 82432K, 46% used [0x00000000e0000000,0x00000000e255aef8,0x00000000e5080000)
 Metaspace       used 40804K, capacity 42120K, committed 42240K, reserved 1085440K
  class space    used 5786K, capacity 6121K, committed 6144K, reserved 1048576K
}

